<?xml version="1.0" encoding="UTF-8"?>
<testsuite xmlns:xsi="http://www.w3.org/2001/XMLSchema-instance" xsi:noNamespaceSchemaLocation="https://maven.apache.org/surefire/maven-surefire-plugin/xsd/surefire-test-report-3.0.xsd" version="3.0" name="sim.CarQueueTest" time="0.961" tests="2" errors="0" skipped="0" failures="0">
  <properties>
[...]
</properties>
  <testcase name="testRemoveOneCarDecreasesSize" classname="sim.CarQueueTest" time="0.751"/>
  <testcase name="testInsertOneCarIncreasesSize" classname="sim.CarQueueTest" time="0.048"/>
</testsuite>